<?xml version="1.0" encoding="UTF-8"?>
<!-- Generated by org.testng.reporters.JUnitXMLReporter -->
<testsuite ignored="0" hostname="Ramis-MacBook-Pro.local" failures="0" tests="3" name="All Functionalities" time="23.164" errors="0" timestamp="2022-06-07T13:51:24 CDT">
  <testcase classname="scripts._01_CarsTest" name="signInPageValidation" time="6.452"/>
  <testcase classname="scripts._01_CarsTest" name="signInSocialMedia" time="5.859"/>
  <testcase classname="scripts._01_CarsTest" name="invalidSignInCredentials" time="6.662"/>
</testsuite> <!-- All Functionalities -->
